{"C:\\Users\\Will\\Documents\\Canoa-fullstack\\backend\\src\\app.ts": {"path":"C:\\Users\\Will\\Documents\\Canoa-fullstack\\backend\\src\\app.ts","statementMap":{"0":{"start":{"line":1,"column":0},"end":{"line":1,"column":30}},"1":{"start":{"line":2,"column":0},"end":{"line":2,"column":54}},"2":{"start":{"line":4,"column":12},"end":{"line":4,"column":21}},"3":{"start":{"line":6,"column":0},"end":{"line":6,"column":24}},"4":{"start":{"line":7,"column":0},"end":{"line":7,"column":null}},"5":{"start":{"line":9,"column":0},"end":{"line":9,"column":19}}},"fnMap":{},"branchMap":{},"s":{"0":1,"1":1,"2":1,"3":1,"4":1,"5":1},"f":{},"b":{}}
,"C:\\Users\\Will\\Documents\\Canoa-fullstack\\backend\\src\\config\\database.ts": {"path":"C:\\Users\\Will\\Documents\\Canoa-fullstack\\backend\\src\\config\\database.ts","statementMap":{"0":{"start":{"line":1,"column":0},"end":{"line":1,"column":26}},"1":{"start":{"line":2,"column":0},"end":{"line":2,"column":37}},"2":{"start":{"line":4,"column":13},"end":{"line":14,"column":3}},"3":{"start":{"line":16,"column":0},"end":{"line":18,"column":42}},"4":{"start":{"line":17,"column":16},"end":{"line":17,"column":47}},"5":{"start":{"line":18,"column":22},"end":{"line":18,"column":40}}},"fnMap":{"0":{"name":"(anonymous_0)","decl":{"start":{"line":17,"column":10},"end":{"line":17,"column":13}},"loc":{"start":{"line":17,"column":16},"end":{"line":17,"column":47}}},"1":{"name":"(anonymous_1)","decl":{"start":{"line":18,"column":11},"end":{"line":18,"column":12}},"loc":{"start":{"line":18,"column":22},"end":{"line":18,"column":40}}}},"branchMap":{},"s":{"0":1,"1":1,"2":1,"3":1,"4":0,"5":1},"f":{"0":0,"1":1},"b":{}}
,"C:\\Users\\Will\\Documents\\Canoa-fullstack\\backend\\src\\controllers\\DeliveryController.ts": {"path":"C:\\Users\\Will\\Documents\\Canoa-fullstack\\backend\\src\\controllers\\DeliveryController.ts","statementMap":{"0":{"start":{"line":2,"column":0},"end":{"line":2,"column":62}},"1":{"start":{"line":4,"column":24},"end":{"line":4,"column":45}},"2":{"start":{"line":8,"column":8},"end":{"line":14,"column":9}},"3":{"start":{"line":9,"column":46},"end":{"line":9,"column":54}},"4":{"start":{"line":10,"column":29},"end":{"line":10,"column":88}},"5":{"start":{"line":11,"column":12},"end":{"line":11,"column":38}},"6":{"start":{"line":13,"column":12},"end":{"line":13,"column":24}},"7":{"start":{"line":18,"column":8},"end":{"line":23,"column":9}},"8":{"start":{"line":19,"column":31},"end":{"line":19,"column":68}},"9":{"start":{"line":20,"column":12},"end":{"line":20,"column":40}},"10":{"start":{"line":22,"column":12},"end":{"line":22,"column":24}},"11":{"start":{"line":6,"column":0},"end":{"line":6,"column":13}}},"fnMap":{"0":{"name":"(anonymous_7)","decl":{"start":{"line":7,"column":10},"end":{"line":7,"column":16}},"loc":{"start":{"line":7,"column":64},"end":{"line":15,"column":null}}},"1":{"name":"(anonymous_9)","decl":{"start":{"line":17,"column":10},"end":{"line":17,"column":16}},"loc":{"start":{"line":17,"column":64},"end":{"line":24,"column":null}}}},"branchMap":{},"s":{"0":1,"1":1,"2":1,"3":1,"4":1,"5":0,"6":1,"7":1,"8":1,"9":0,"10":1,"11":1},"f":{"0":1,"1":1},"b":{}}
,"C:\\Users\\Will\\Documents\\Canoa-fullstack\\backend\\src\\entities\\Delivery.ts": {"path":"C:\\Users\\Will\\Documents\\Canoa-fullstack\\backend\\src\\entities\\Delivery.ts","statementMap":{"0":{"start":{"line":1,"column":0},"end":{"line":1,"column":26}},"1":{"start":{"line":2,"column":0},"end":{"line":2,"column":83}},"2":{"start":{"line":6,"column":7},"end":{"line":25,"column":null}},"3":{"start":{"line":6,"column":13},"end":{"line":6,"column":21}},"4":{"start":{"line":8,"column":4},"end":{"line":8,"column":null}},"5":{"start":{"line":12,"column":4},"end":{"line":12,"column":null}},"6":{"start":{"line":16,"column":4},"end":{"line":16,"column":null}},"7":{"start":{"line":20,"column":4},"end":{"line":20,"column":null}},"8":{"start":{"line":24,"column":4},"end":{"line":24,"column":null}},"9":{"start":{"line":6,"column":13},"end":{"line":25,"column":null}}},"fnMap":{},"branchMap":{},"s":{"0":1,"1":1,"2":1,"3":1,"4":1,"5":1,"6":1,"7":1,"8":1,"9":1},"f":{},"b":{}}
,"C:\\Users\\Will\\Documents\\Canoa-fullstack\\backend\\src\\repositories\\DeliveryRepositories.ts": {"path":"C:\\Users\\Will\\Documents\\Canoa-fullstack\\backend\\src\\repositories\\DeliveryRepositories.ts","statementMap":{"0":{"start":{"line":1,"column":0},"end":{"line":1,"column":51}},"1":{"start":{"line":3,"column":0},"end":{"line":3,"column":48}},"2":{"start":{"line":10,"column":8},"end":{"line":10,"column":64}},"3":{"start":{"line":15,"column":28},"end":{"line":15,"column":60}},"4":{"start":{"line":16,"column":8},"end":{"line":16,"column":49}},"5":{"start":{"line":21,"column":8},"end":{"line":21,"column":38}},"6":{"start":{"line":5,"column":0},"end":{"line":5,"column":13}}},"fnMap":{"0":{"name":"(anonymous_7)","decl":{"start":{"line":9,"column":4},"end":{"line":9,"column":null}},"loc":{"start":{"line":9,"column":4},"end":{"line":11,"column":5}}},"1":{"name":"(anonymous_8)","decl":{"start":{"line":14,"column":10},"end":{"line":14,"column":16}},"loc":{"start":{"line":14,"column":44},"end":{"line":17,"column":null}}},"2":{"name":"(anonymous_10)","decl":{"start":{"line":20,"column":10},"end":{"line":20,"column":17}},"loc":{"start":{"line":20,"column":17},"end":{"line":22,"column":null}}}},"branchMap":{},"s":{"0":1,"1":1,"2":1,"3":1,"4":0,"5":1,"6":1},"f":{"0":1,"1":1,"2":1},"b":{}}
,"C:\\Users\\Will\\Documents\\Canoa-fullstack\\backend\\src\\routes\\delivery.routes.ts": {"path":"C:\\Users\\Will\\Documents\\Canoa-fullstack\\backend\\src\\routes\\delivery.routes.ts","statementMap":{"0":{"start":{"line":1,"column":0},"end":{"line":1,"column":33}},"1":{"start":{"line":2,"column":0},"end":{"line":2,"column":71}},"2":{"start":{"line":4,"column":15},"end":{"line":4,"column":23}},"3":{"start":{"line":5,"column":27},"end":{"line":5,"column":51}},"4":{"start":{"line":8,"column":0},"end":{"line":8,"column":94}},"5":{"start":{"line":8,"column":42},"end":{"line":8,"column":93}},"6":{"start":{"line":8,"column":44},"end":{"line":8,"column":92}},"7":{"start":{"line":9,"column":0},"end":{"line":9,"column":93}},"8":{"start":{"line":9,"column":41},"end":{"line":9,"column":92}},"9":{"start":{"line":9,"column":43},"end":{"line":9,"column":91}},"10":{"start":{"line":12,"column":0},"end":{"line":12,"column":22}}},"fnMap":{"0":{"name":"(anonymous_7)","decl":{"start":{"line":8,"column":17},"end":{"line":8,"column":24}},"loc":{"start":{"line":8,"column":42},"end":{"line":8,"column":93}}},"1":{"name":"(anonymous_8)","decl":{"start":{"line":8,"column":42},"end":{"line":8,"column":44}},"loc":{"start":{"line":8,"column":42},"end":{"line":8,"column":92}}},"2":{"name":"(anonymous_9)","decl":{"start":{"line":9,"column":16},"end":{"line":9,"column":23}},"loc":{"start":{"line":9,"column":41},"end":{"line":9,"column":92}}},"3":{"name":"(anonymous_10)","decl":{"start":{"line":9,"column":41},"end":{"line":9,"column":43}},"loc":{"start":{"line":9,"column":41},"end":{"line":9,"column":91}}}},"branchMap":{},"s":{"0":1,"1":1,"2":1,"3":1,"4":1,"5":1,"6":1,"7":1,"8":1,"9":1,"10":1},"f":{"0":1,"1":1,"2":1,"3":1},"b":{}}
,"C:\\Users\\Will\\Documents\\Canoa-fullstack\\backend\\src\\services\\DeliveryService.ts": {"path":"C:\\Users\\Will\\Documents\\Canoa-fullstack\\backend\\src\\services\\DeliveryService.ts","statementMap":{"0":{"start":{"line":1,"column":0},"end":{"line":1,"column":74}},"1":{"start":{"line":8,"column":8},"end":{"line":8,"column":null}},"2":{"start":{"line":13,"column":8},"end":{"line":13,"column":71}},"3":{"start":{"line":18,"column":8},"end":{"line":18,"column":49}},"4":{"start":{"line":3,"column":0},"end":{"line":3,"column":13}}},"fnMap":{"0":{"name":"(anonymous_7)","decl":{"start":{"line":7,"column":4},"end":{"line":7,"column":null}},"loc":{"start":{"line":7,"column":4},"end":{"line":9,"column":5}}},"1":{"name":"(anonymous_8)","decl":{"start":{"line":12,"column":10},"end":{"line":12,"column":24}},"loc":{"start":{"line":12,"column":62},"end":{"line":14,"column":null}}},"2":{"name":"(anonymous_10)","decl":{"start":{"line":17,"column":10},"end":{"line":17,"column":23}},"loc":{"start":{"line":17,"column":23},"end":{"line":19,"column":null}}}},"branchMap":{},"s":{"0":1,"1":1,"2":1,"3":1,"4":1},"f":{"0":1,"1":1,"2":1},"b":{}}
}
